<?xml version="1.0" encoding="UTF-8"?>
<!-- Generated by org.testng.reporters.JUnitXMLReporter -->
<testsuite hostname="WKMUS8688945" failures="1" tests="4" name="OmniApp" time="21.85" errors="0" timestamp="1 May 2018 19:32:43 GMT">
  <testcase classname="com.omnimobile.Testcases.AccountAccess" name="login" time="6.096"/>
  <testcase classname="com.omnimobile.Testcases.AccountAccess" name="clearUsername" time="5.817">
    <failure type="org.openqa.selenium.NoSuchElementException" message="An element could not be located on the page using the given search parameters. (WARNING: The server did not provide any stacktrace information)
Command duration or timeout: 0 milliseconds
For documentation on this error, please visit: http://seleniumhq.org/exceptions/no_such_element.html
Build info: version: &amp;apos;3.11.0&amp;apos;, revision: &amp;apos;e59cfb3&amp;apos;, time: &amp;apos;2018-03-11T20:26:55.152Z&amp;apos;
System info: host: &amp;apos;WKMUS8688945&amp;apos;, ip: &amp;apos;fe80:0:0:0:428:de4f:8c6c:db0c%en0&amp;apos;, os.name: &amp;apos;Mac OS X&amp;apos;, os.arch: &amp;apos;x86_64&amp;apos;, os.version: &amp;apos;10.12.6&amp;apos;, java.version: &amp;apos;10&amp;apos;
Driver info: io.appium.java_client.ios.IOSDriver
Capabilities {app: /Users/shoravul/Desktop/Omn..., automationName: XCUITest, browserName: , databaseEnabled: false, deviceName: iPhone 8 Plus, javascriptEnabled: true, locationContextEnabled: false, networkConnectionEnabled: false, platform: MAC, platformName: MAC, platformVersion: 11.2, takesScreenshot: true, udid: 20AD447E-CCBE-4239-883F-76D..., webStorageEnabled: false}
Session ID: fab84506-f55b-4851-a4d2-82a15f87861e
*** Element info: {Using=xpath, value=//XCUIElementTypeButton[@name=&amp;apos;Clear text&amp;apos;]}">
      <![CDATA[org.openqa.selenium.NoSuchElementException: An element could not be located on the page using the given search parameters. (WARNING: The server did not provide any stacktrace information)
Command duration or timeout: 0 milliseconds
For documentation on this error, please visit: http://seleniumhq.org/exceptions/no_such_element.html
Build info: version: '3.11.0', revision: 'e59cfb3', time: '2018-03-11T20:26:55.152Z'
System info: host: 'WKMUS8688945', ip: 'fe80:0:0:0:428:de4f:8c6c:db0c%en0', os.name: 'Mac OS X', os.arch: 'x86_64', os.version: '10.12.6', java.version: '10'
Driver info: io.appium.java_client.ios.IOSDriver
Capabilities {app: /Users/shoravul/Desktop/Omn..., automationName: XCUITest, browserName: , databaseEnabled: false, deviceName: iPhone 8 Plus, javascriptEnabled: true, locationContextEnabled: false, networkConnectionEnabled: false, platform: MAC, platformName: MAC, platformVersion: 11.2, takesScreenshot: true, udid: 20AD447E-CCBE-4239-883F-76D..., webStorageEnabled: false}
Session ID: fab84506-f55b-4851-a4d2-82a15f87861e
*** Element info: {Using=xpath, value=//XCUIElementTypeButton[@name='Clear text']}
	at org.openqa.selenium.remote.ErrorHandler.createThrowable(ErrorHandler.java:214)
	at org.openqa.selenium.remote.ErrorHandler.throwIfResponseFailed(ErrorHandler.java:166)
	at org.openqa.selenium.remote.http.JsonHttpResponseCodec.reconstructValue(JsonHttpResponseCodec.java:40)
	at org.openqa.selenium.remote.http.AbstractHttpResponseCodec.decode(AbstractHttpResponseCodec.java:80)
	at org.openqa.selenium.remote.http.AbstractHttpResponseCodec.decode(AbstractHttpResponseCodec.java:44)
	at org.openqa.selenium.remote.HttpCommandExecutor.execute(HttpCommandExecutor.java:158)
	at io.appium.java_client.remote.AppiumCommandExecutor.execute(AppiumCommandExecutor.java:89)
	at org.openqa.selenium.remote.RemoteWebDriver.execute(RemoteWebDriver.java:545)
	at io.appium.java_client.DefaultGenericMobileDriver.execute(DefaultGenericMobileDriver.java:42)
	at io.appium.java_client.AppiumDriver.execute(AppiumDriver.java:1)
	at io.appium.java_client.ios.IOSDriver.execute(IOSDriver.java:1)
	at org.openqa.selenium.remote.RemoteWebDriver.findElement(RemoteWebDriver.java:319)
	at io.appium.java_client.DefaultGenericMobileDriver.findElement(DefaultGenericMobileDriver.java:62)
	at io.appium.java_client.AppiumDriver.findElement(AppiumDriver.java:1)
	at io.appium.java_client.ios.IOSDriver.findElement(IOSDriver.java:1)
	at org.openqa.selenium.remote.RemoteWebDriver.findElementByXPath(RemoteWebDriver.java:421)
	at io.appium.java_client.DefaultGenericMobileDriver.findElementByXPath(DefaultGenericMobileDriver.java:140)
	at io.appium.java_client.AppiumDriver.findElementByXPath(AppiumDriver.java:1)
	at io.appium.java_client.ios.IOSDriver.findElementByXPath(IOSDriver.java:1)
	at com.omnimobile.Testcases.AccountAccess.clearUsername(AccountAccess.java:66)
... Removed 28 stack frames]]>
    </failure>
  </testcase> <!-- clearUsername -->
  <testcase classname="com.omnimobile.Testcases.AccountAccess" name="rememberMe" time="9.921"/>
  <testcase classname="com.omnimobile.Testcases.AccountAccess" name="showPassword" time="0.0"/>
</testsuite> <!-- OmniApp -->
