-------------------------------------------------------------------------------
Test set: TestSuite
-------------------------------------------------------------------------------
Tests run: 4, Failures: 4, Errors: 0, Skipped: 0, Time elapsed: 54.711 s <<< FAILURE! - in TestSuite
viewTransactionsHistory(com.omnimobile.Testcases.TransactionHistory)  Time elapsed: 32.501 s  <<< FAILURE!
java.lang.NullPointerException
	at com.omnimobile.Testcases.TransactionHistory.viewTransactionsHistory(TransactionHistory.java:25)

switchBetweenAccounts(com.omnimobile.Testcases.TransactionHistory)  Time elapsed: 3.702 s  <<< FAILURE!
org.openqa.selenium.WebDriverException: 
Returned value cannot be converted to WebElement: {stacktrace=NoSuchElementError: An element could not be located on the page using the given search parameters.
    at XCUITestDriver.callee$0$0$ (/Applications/Appium.app/Contents/Resources/app/node_modules/appium-xcuitest-driver/lib/commands/find.js:130:13)
    at tryCatch (/Applications/Appium.app/Contents/Resources/app/node_modules/appium-xcuitest-driver/node_modules/babel-runtime/regenerator/runtime.js:67:40)
    at GeneratorFunctionPrototype.invoke [as _invoke] (/Applications/Appium.app/Contents/Resources/app/node_modules/appium-xcuitest-driver/node_modules/babel-runtime/regenerator/runtime.js:315:22)
    at GeneratorFunctionPrototype.prototype.(anonymous function) [as throw] (/Applications/Appium.app/Contents/Resources/app/node_modules/appium-xcuitest-driver/node_modules/babel-runtime/regenerator/runtime.js:100:21)
    at GeneratorFunctionPrototype.invoke (/Applications/Appium.app/Contents/Resources/app/node_modules/appium-xcuitest-driver/node_modules/babel-runtime/regenerator/runtime.js:136:37)
    at <anonymous>, error=no such element, message=An element could not be located on the page using the given search parameters.}
Build info: version: '3.11.0', revision: 'e59cfb3', time: '2018-03-11T20:26:55.152Z'
System info: host: 'WNMCA14R9Y6H03A', ip: 'fe80:0:0:0:1070:978f:5ad6:b64f%en0', os.name: 'Mac OS X', os.arch: 'x86_64', os.version: '10.13.4', java.version: '1.8.0_172'
Driver info: driver.version: IOSDriver
	at com.omnimobile.Testcases.TransactionHistory.switchBetweenAccounts(TransactionHistory.java:78)
Caused by: java.lang.ClassCastException: com.google.common.collect.Maps$TransformedEntriesMap cannot be cast to org.openqa.selenium.WebElement
	at com.omnimobile.Testcases.TransactionHistory.switchBetweenAccounts(TransactionHistory.java:78)

transactionListInitialLoad(com.omnimobile.Testcases.TransactionHistory)  Time elapsed: 2.272 s  <<< FAILURE!
org.openqa.selenium.WebDriverException: 
Returned value cannot be converted to WebElement: {stacktrace=NoSuchElementError: An element could not be located on the page using the given search parameters.
    at XCUITestDriver.callee$0$0$ (/Applications/Appium.app/Contents/Resources/app/node_modules/appium-xcuitest-driver/lib/commands/find.js:130:13)
    at tryCatch (/Applications/Appium.app/Contents/Resources/app/node_modules/appium-xcuitest-driver/node_modules/babel-runtime/regenerator/runtime.js:67:40)
    at GeneratorFunctionPrototype.invoke [as _invoke] (/Applications/Appium.app/Contents/Resources/app/node_modules/appium-xcuitest-driver/node_modules/babel-runtime/regenerator/runtime.js:315:22)
    at GeneratorFunctionPrototype.prototype.(anonymous function) [as throw] (/Applications/Appium.app/Contents/Resources/app/node_modules/appium-xcuitest-driver/node_modules/babel-runtime/regenerator/runtime.js:100:21)
    at GeneratorFunctionPrototype.invoke (/Applications/Appium.app/Contents/Resources/app/node_modules/appium-xcuitest-driver/node_modules/babel-runtime/regenerator/runtime.js:136:37)
    at <anonymous>, error=no such element, message=An element could not be located on the page using the given search parameters.}
Build info: version: '3.11.0', revision: 'e59cfb3', time: '2018-03-11T20:26:55.152Z'
System info: host: 'WNMCA14R9Y6H03A', ip: 'fe80:0:0:0:1070:978f:5ad6:b64f%en0', os.name: 'Mac OS X', os.arch: 'x86_64', os.version: '10.13.4', java.version: '1.8.0_172'
Driver info: driver.version: IOSDriver
	at com.omnimobile.Testcases.TransactionHistory.transactionListInitialLoad(TransactionHistory.java:109)
Caused by: java.lang.ClassCastException: com.google.common.collect.Maps$TransformedEntriesMap cannot be cast to org.openqa.selenium.WebElement
	at com.omnimobile.Testcases.TransactionHistory.transactionListInitialLoad(TransactionHistory.java:109)

selectSpecificTransaction(com.omnimobile.Testcases.TransactionHistory)  Time elapsed: 8.367 s  <<< FAILURE!
org.openqa.selenium.WebDriverException: 
Returned value cannot be converted to WebElement: {stacktrace=NoSuchElementError: An element could not be located on the page using the given search parameters.
    at XCUITestDriver.callee$0$0$ (/Applications/Appium.app/Contents/Resources/app/node_modules/appium-xcuitest-driver/lib/commands/find.js:130:13)
    at tryCatch (/Applications/Appium.app/Contents/Resources/app/node_modules/appium-xcuitest-driver/node_modules/babel-runtime/regenerator/runtime.js:67:40)
    at GeneratorFunctionPrototype.invoke [as _invoke] (/Applications/Appium.app/Contents/Resources/app/node_modules/appium-xcuitest-driver/node_modules/babel-runtime/regenerator/runtime.js:315:22)
    at GeneratorFunctionPrototype.prototype.(anonymous function) [as throw] (/Applications/Appium.app/Contents/Resources/app/node_modules/appium-xcuitest-driver/node_modules/babel-runtime/regenerator/runtime.js:100:21)
    at GeneratorFunctionPrototype.invoke (/Applications/Appium.app/Contents/Resources/app/node_modules/appium-xcuitest-driver/node_modules/babel-runtime/regenerator/runtime.js:136:37)
    at <anonymous>, error=no such element, message=An element could not be located on the page using the given search parameters.}
Build info: version: '3.11.0', revision: 'e59cfb3', time: '2018-03-11T20:26:55.152Z'
System info: host: 'WNMCA14R9Y6H03A', ip: 'fe80:0:0:0:1070:978f:5ad6:b64f%en0', os.name: 'Mac OS X', os.arch: 'x86_64', os.version: '10.13.4', java.version: '1.8.0_172'
Driver info: driver.version: IOSDriver
	at com.omnimobile.Testcases.TransactionHistory.selectSpecificTransaction(TransactionHistory.java:36)
Caused by: java.lang.ClassCastException: com.google.common.collect.Maps$TransformedEntriesMap cannot be cast to org.openqa.selenium.WebElement
	at com.omnimobile.Testcases.TransactionHistory.selectSpecificTransaction(TransactionHistory.java:36)

